30-09-2019 10:03:56.873 [restartedMain] INFO  c.e.s.app.SpringStudentApplication.logStartupProfileInfo - No active profile set, falling back to default profiles: default
30-09-2019 10:04:03.717 [restartedMain] INFO  o.s.d.r.c.RepositoryConfigurationDelegate.registerRepositoriesIn - Bootstrapping Spring Data repositories in DEFAULT mode.
30-09-2019 10:04:03.832 [restartedMain] INFO  o.s.d.r.c.RepositoryConfigurationDelegate.registerRepositoriesIn - Finished Spring Data repository scanning in 110ms. Found 1 repository interfaces.
30-09-2019 10:04:03.841 [restartedMain] INFO  o.s.d.r.c.RepositoryConfigurationDelegate.registerRepositoriesIn - Bootstrapping Spring Data repositories in DEFAULT mode.
30-09-2019 10:04:03.851 [restartedMain] INFO  o.s.d.r.c.RepositoryConfigurationDelegate.registerRepositoriesIn - Finished Spring Data repository scanning in 8ms. Found 0 repository interfaces.
30-09-2019 10:04:04.168 [restartedMain] WARN  o.s.boot.actuate.endpoint.EndpointId.logWarning - Endpoint ID 'service-registry' contains invalid characters, please migrate to a valid format.
30-09-2019 10:04:04.786 [restartedMain] INFO  o.s.cloud.context.scope.GenericScope.setSerializationId - BeanFactory id=e189b19e-b0c0-3cdf-be06-6281aa589aab
30-09-2019 10:04:05.249 [restartedMain] INFO  o.s.c.s.PostProcessorRegistrationDelegate$BeanPostProcessorChecker.postProcessAfterInitialization - Bean 'org.springframework.cloud.autoconfigure.ConfigurationPropertiesRebinderAutoConfiguration' of type [org.springframework.cloud.autoconfigure.ConfigurationPropertiesRebinderAutoConfiguration$$EnhancerBySpringCGLIB$$cc5285ab] is not eligible for getting processed by all BeanPostProcessors (for example: not eligible for auto-proxying)
30-09-2019 10:04:05.255 [restartedMain] INFO  o.s.c.s.PostProcessorRegistrationDelegate$BeanPostProcessorChecker.postProcessAfterInitialization - Bean 'org.springframework.cloud.sleuth.instrument.web.client.TraceWebClientAutoConfiguration$NettyConfiguration' of type [org.springframework.cloud.sleuth.instrument.web.client.TraceWebClientAutoConfiguration$NettyConfiguration$$EnhancerBySpringCGLIB$$aecead31] is not eligible for getting processed by all BeanPostProcessors (for example: not eligible for auto-proxying)
30-09-2019 10:04:06.909 [restartedMain] INFO  org.mongodb.driver.cluster.info - Cluster created with settings {hosts=[localhost:27017], mode=SINGLE, requiredClusterType=UNKNOWN, serverSelectionTimeout='30000 ms', maxWaitQueueSize=500}
30-09-2019 10:04:07.941 [restartedMain] INFO  org.mongodb.driver.cluster.info - Cluster created with settings {hosts=[localhost:27017], mode=MULTIPLE, requiredClusterType=UNKNOWN, serverSelectionTimeout='30000 ms', maxWaitQueueSize=500}
30-09-2019 10:04:07.942 [restartedMain] INFO  org.mongodb.driver.cluster.info - Adding discovered server localhost:27017 to client view of cluster
30-09-2019 10:04:08.017 [cluster-ClusterId{value='5d921967b6195b3758a69d82', description='null'}-localhost:27017] INFO  org.mongodb.driver.connection.info - Opened connection [connectionId{localValue:2, serverValue:92}] to localhost:27017
30-09-2019 10:04:08.088 [cluster-ClusterId{value='5d921967b6195b3758a69d82', description='null'}-localhost:27017] INFO  org.mongodb.driver.cluster.info - Monitor thread successfully connected to server with description ServerDescription{address=localhost:27017, type=STANDALONE, state=CONNECTED, ok=true, version=ServerVersion{versionList=[4, 2, 0]}, minWireVersion=0, maxWireVersion=8, maxDocumentSize=16777216, logicalSessionTimeoutMinutes=30, roundTripTimeNanos=54624067}
30-09-2019 10:04:08.093 [cluster-ClusterId{value='5d921967b6195b3758a69d82', description='null'}-localhost:27017] INFO  org.mongodb.driver.cluster.info - Discovered cluster type of STANDALONE
30-09-2019 10:04:08.318 [cluster-ClusterId{value='5d921966b6195b3758a69d81', description='null'}-localhost:27017] INFO  org.mongodb.driver.connection.info - Opened connection [connectionId{localValue:1, serverValue:93}] to localhost:27017
30-09-2019 10:04:08.341 [cluster-ClusterId{value='5d921966b6195b3758a69d81', description='null'}-localhost:27017] INFO  org.mongodb.driver.cluster.info - Monitor thread successfully connected to server with description ServerDescription{address=localhost:27017, type=STANDALONE, state=CONNECTED, ok=true, version=ServerVersion{versionList=[4, 2, 0]}, minWireVersion=0, maxWireVersion=8, maxDocumentSize=16777216, logicalSessionTimeoutMinutes=30, roundTripTimeNanos=21780129}
30-09-2019 10:04:08.619 [restartedMain] WARN  o.s.b.d.a.OptionalLiveReloadServer.startServer - Unable to start LiveReload server
30-09-2019 10:04:11.281 [restartedMain] WARN  c.n.c.sources.URLConfigurationSource.<init> - No URLs will be polled as dynamic configuration sources.
30-09-2019 10:04:11.283 [restartedMain] INFO  c.n.c.sources.URLConfigurationSource.<init> - To enable URLs as dynamic configuration sources, define System property archaius.configurationSource.additionalUrls or make config.properties available on classpath.
30-09-2019 10:04:11.339 [restartedMain] INFO  c.n.config.DynamicPropertyFactory.getInstance - DynamicPropertyFactory is initialized with configuration sources: com.netflix.config.ConcurrentCompositeConfiguration@62eeb329
30-09-2019 10:04:11.799 [restartedMain] INFO  o.s.b.a.e.web.EndpointLinksResolver.<init> - Exposing 20 endpoint(s) beneath base path '/actuator'
30-09-2019 10:04:12.164 [restartedMain] WARN  c.n.c.sources.URLConfigurationSource.<init> - No URLs will be polled as dynamic configuration sources.
30-09-2019 10:04:12.165 [restartedMain] INFO  c.n.c.sources.URLConfigurationSource.<init> - To enable URLs as dynamic configuration sources, define System property archaius.configurationSource.additionalUrls or make config.properties available on classpath.
30-09-2019 10:04:15.620 [restartedMain] INFO  o.s.c.n.eureka.InstanceInfoFactory.create - Setting initial instance status as: STARTING
30-09-2019 10:04:15.877 [restartedMain] INFO  c.netflix.discovery.DiscoveryClient.<init> - Initializing Eureka in region us-east-1
30-09-2019 10:04:16.058 [restartedMain] INFO  c.n.d.p.DiscoveryJerseyProvider.<init> - Using JSON encoding codec LegacyJacksonJson
30-09-2019 10:04:16.058 [restartedMain] INFO  c.n.d.p.DiscoveryJerseyProvider.<init> - Using JSON decoding codec LegacyJacksonJson
30-09-2019 10:04:16.719 [restartedMain] INFO  c.n.d.p.DiscoveryJerseyProvider.<init> - Using XML encoding codec XStreamXml
30-09-2019 10:04:16.721 [restartedMain] INFO  c.n.d.p.DiscoveryJerseyProvider.<init> - Using XML decoding codec XStreamXml
30-09-2019 10:04:17.149 [restartedMain] INFO  c.n.d.s.r.aws.ConfigClusterResolver.getClusterEndpoints - Resolving eureka endpoints via configuration
30-09-2019 10:04:17.494 [restartedMain] INFO  c.netflix.discovery.DiscoveryClient.fetchRegistry - Disable delta property : false
30-09-2019 10:04:17.494 [restartedMain] INFO  c.netflix.discovery.DiscoveryClient.fetchRegistry - Single vip registry refresh property : null
30-09-2019 10:04:17.495 [restartedMain] INFO  c.netflix.discovery.DiscoveryClient.fetchRegistry - Force full registry fetch : false
30-09-2019 10:04:17.495 [restartedMain] INFO  c.netflix.discovery.DiscoveryClient.fetchRegistry - Application is null : false
30-09-2019 10:04:17.496 [restartedMain] INFO  c.netflix.discovery.DiscoveryClient.fetchRegistry - Registered Applications size is zero : true
30-09-2019 10:04:17.497 [restartedMain] INFO  c.netflix.discovery.DiscoveryClient.fetchRegistry - Application version is -1: true
30-09-2019 10:04:17.497 [restartedMain] INFO  c.netflix.discovery.DiscoveryClient.getAndStoreFullRegistry - Getting all instance registry info from the eureka server
30-09-2019 10:04:17.910 [restartedMain] INFO  c.netflix.discovery.DiscoveryClient.getAndStoreFullRegistry - The response status is 200
30-09-2019 10:04:17.928 [restartedMain] INFO  c.netflix.discovery.DiscoveryClient.initScheduledTasks - Starting heartbeat executor: renew interval is: 30
30-09-2019 10:04:17.931 [restartedMain] INFO  c.n.discovery.InstanceInfoReplicator.<init> - InstanceInfoReplicator onDemand update allowed rate per min is 4
30-09-2019 10:04:17.953 [restartedMain] INFO  c.netflix.discovery.DiscoveryClient.<init> - Discovery Client initialized at timestamp 1569855857935 with initial instances count: 2
30-09-2019 10:04:17.959 [restartedMain] INFO  o.s.c.n.e.s.EurekaServiceRegistry.register - Registering application SPRING-STUDENT with eureka with status UP
30-09-2019 10:04:17.960 [restartedMain] INFO  c.netflix.discovery.DiscoveryClient.notify - Saw local status change event StatusChangeEvent [timestamp=1569855857960, current=UP, previous=STARTING]
30-09-2019 10:04:17.966 [DiscoveryClient-InstanceInfoReplicator-0] INFO  c.netflix.discovery.DiscoveryClient.register - DiscoveryClient_SPRING-STUDENT/LIM-BF4WDC2.usersad.everis.int:spring-student:8084: registering service...
30-09-2019 10:04:17.967 [restartedMain] INFO  s.d.s.w.p.DocumentationPluginsBootstrapper.start - Documentation plugins bootstrapped
30-09-2019 10:04:18.087 [restartedMain] INFO  s.d.s.w.p.DocumentationPluginsBootstrapper.bootstrapDocumentationPlugins - Found 1 custom documentation plugin(s)
30-09-2019 10:04:18.489 [restartedMain] INFO  s.d.s.w.s.ApiListingReferenceScanner.scan - Scanning for api listing references
30-09-2019 10:04:18.497 [DiscoveryClient-InstanceInfoReplicator-0] INFO  c.netflix.discovery.DiscoveryClient.register - DiscoveryClient_SPRING-STUDENT/LIM-BF4WDC2.usersad.everis.int:spring-student:8084 - registration status: 204
30-09-2019 10:04:19.330 [restartedMain] INFO  o.s.b.w.e.netty.NettyWebServer.start - Netty started on port(s): 8084
30-09-2019 10:04:19.333 [restartedMain] INFO  o.s.c.n.e.s.EurekaAutoServiceRegistration.onApplicationEvent - Updating port to 8084
30-09-2019 10:04:19.997 [restartedMain] INFO  c.e.s.app.SpringStudentApplication.logStarted - Started SpringStudentApplication in 35.553 seconds (JVM running for 40.238)
30-09-2019 10:09:19.240 [AsyncResolver-bootstrap-executor-0] INFO  c.n.d.s.r.aws.ConfigClusterResolver.getClusterEndpoints - Resolving eureka endpoints via configuration
30-09-2019 10:14:20.858 [AsyncResolver-bootstrap-executor-0] INFO  c.n.d.s.r.aws.ConfigClusterResolver.getClusterEndpoints - Resolving eureka endpoints via configuration
30-09-2019 10:18:12.144 [RMI TCP Connection(23)-127.0.0.1] INFO  o.s.b.a.SpringApplicationAdminMXBeanRegistrar$SpringApplicationAdmin.shutdown - Application shutdown requested.
30-09-2019 10:18:17.719 [RMI TCP Connection(23)-127.0.0.1] INFO  o.s.c.n.e.s.EurekaServiceRegistry.deregister - Unregistering application SPRING-STUDENT with eureka with status DOWN
30-09-2019 10:18:17.939 [RMI TCP Connection(23)-127.0.0.1] WARN  c.netflix.discovery.DiscoveryClient.notify - Saw local status change event StatusChangeEvent [timestamp=1569856697939, current=DOWN, previous=UP]
30-09-2019 10:18:18.196 [DiscoveryClient-InstanceInfoReplicator-0] INFO  c.netflix.discovery.DiscoveryClient.register - DiscoveryClient_SPRING-STUDENT/LIM-BF4WDC2.usersad.everis.int:spring-student:8084: registering service...
30-09-2019 10:18:19.027 [DiscoveryClient-InstanceInfoReplicator-0] INFO  c.netflix.discovery.DiscoveryClient.register - DiscoveryClient_SPRING-STUDENT/LIM-BF4WDC2.usersad.everis.int:spring-student:8084 - registration status: 204
30-09-2019 10:18:28.654 [RMI TCP Connection(23)-127.0.0.1] INFO  c.netflix.discovery.DiscoveryClient.shutdown - Shutting down DiscoveryClient ...
30-09-2019 10:18:31.703 [RMI TCP Connection(23)-127.0.0.1] INFO  c.netflix.discovery.DiscoveryClient.unregister - Unregistering ...
30-09-2019 10:18:31.927 [RMI TCP Connection(23)-127.0.0.1] INFO  c.netflix.discovery.DiscoveryClient.unregister - DiscoveryClient_SPRING-STUDENT/LIM-BF4WDC2.usersad.everis.int:spring-student:8084 - deregister  status: 200
30-09-2019 10:18:32.362 [RMI TCP Connection(23)-127.0.0.1] INFO  c.netflix.discovery.DiscoveryClient.shutdown - Completed shut down of DiscoveryClient
30-09-2019 14:34:22.994 [restartedMain] INFO  c.e.s.app.SpringStudentApplication.logStartupProfileInfo - No active profile set, falling back to default profiles: default
30-09-2019 14:34:25.089 [restartedMain] INFO  o.s.d.r.c.RepositoryConfigurationDelegate.registerRepositoriesIn - Bootstrapping Spring Data repositories in DEFAULT mode.
30-09-2019 14:34:25.247 [restartedMain] INFO  o.s.d.r.c.RepositoryConfigurationDelegate.registerRepositoriesIn - Finished Spring Data repository scanning in 153ms. Found 1 repository interfaces.
30-09-2019 14:34:25.254 [restartedMain] INFO  o.s.d.r.c.RepositoryConfigurationDelegate.registerRepositoriesIn - Bootstrapping Spring Data repositories in DEFAULT mode.
30-09-2019 14:34:25.261 [restartedMain] INFO  o.s.d.r.c.RepositoryConfigurationDelegate.registerRepositoriesIn - Finished Spring Data repository scanning in 6ms. Found 0 repository interfaces.
30-09-2019 14:34:25.450 [restartedMain] WARN  o.s.boot.actuate.endpoint.EndpointId.logWarning - Endpoint ID 'service-registry' contains invalid characters, please migrate to a valid format.
30-09-2019 14:34:25.911 [restartedMain] INFO  o.s.cloud.context.scope.GenericScope.setSerializationId - BeanFactory id=e189b19e-b0c0-3cdf-be06-6281aa589aab
30-09-2019 14:34:26.245 [restartedMain] INFO  o.s.c.s.PostProcessorRegistrationDelegate$BeanPostProcessorChecker.postProcessAfterInitialization - Bean 'org.springframework.cloud.autoconfigure.ConfigurationPropertiesRebinderAutoConfiguration' of type [org.springframework.cloud.autoconfigure.ConfigurationPropertiesRebinderAutoConfiguration$$EnhancerBySpringCGLIB$$43c4f437] is not eligible for getting processed by all BeanPostProcessors (for example: not eligible for auto-proxying)
30-09-2019 14:34:26.261 [restartedMain] INFO  o.s.c.s.PostProcessorRegistrationDelegate$BeanPostProcessorChecker.postProcessAfterInitialization - Bean 'org.springframework.cloud.sleuth.instrument.web.client.TraceWebClientAutoConfiguration$NettyConfiguration' of type [org.springframework.cloud.sleuth.instrument.web.client.TraceWebClientAutoConfiguration$NettyConfiguration$$EnhancerBySpringCGLIB$$26411bbd] is not eligible for getting processed by all BeanPostProcessors (for example: not eligible for auto-proxying)
30-09-2019 14:34:27.510 [restartedMain] INFO  org.mongodb.driver.cluster.info - Cluster created with settings {hosts=[localhost:27017], mode=SINGLE, requiredClusterType=UNKNOWN, serverSelectionTimeout='30000 ms', maxWaitQueueSize=500}
30-09-2019 14:34:28.300 [restartedMain] INFO  org.mongodb.driver.cluster.info - Cluster created with settings {hosts=[localhost:27017], mode=MULTIPLE, requiredClusterType=UNKNOWN, serverSelectionTimeout='30000 ms', maxWaitQueueSize=500}
30-09-2019 14:34:28.301 [restartedMain] INFO  org.mongodb.driver.cluster.info - Adding discovered server localhost:27017 to client view of cluster
30-09-2019 14:34:28.336 [cluster-ClusterId{value='5d9258c4b6195b3f409c6514', description='null'}-localhost:27017] INFO  org.mongodb.driver.connection.info - Opened connection [connectionId{localValue:2, serverValue:212}] to localhost:27017
30-09-2019 14:34:28.342 [cluster-ClusterId{value='5d9258c4b6195b3f409c6514', description='null'}-localhost:27017] INFO  org.mongodb.driver.cluster.info - Monitor thread successfully connected to server with description ServerDescription{address=localhost:27017, type=STANDALONE, state=CONNECTED, ok=true, version=ServerVersion{versionList=[4, 2, 0]}, minWireVersion=0, maxWireVersion=8, maxDocumentSize=16777216, logicalSessionTimeoutMinutes=30, roundTripTimeNanos=3300517}
30-09-2019 14:34:28.344 [cluster-ClusterId{value='5d9258c4b6195b3f409c6514', description='null'}-localhost:27017] INFO  org.mongodb.driver.cluster.info - Discovered cluster type of STANDALONE
30-09-2019 14:34:28.930 [cluster-ClusterId{value='5d9258c3b6195b3f409c6513', description='null'}-localhost:27017] INFO  org.mongodb.driver.connection.info - Opened connection [connectionId{localValue:1, serverValue:213}] to localhost:27017
30-09-2019 14:34:28.940 [cluster-ClusterId{value='5d9258c3b6195b3f409c6513', description='null'}-localhost:27017] INFO  org.mongodb.driver.cluster.info - Monitor thread successfully connected to server with description ServerDescription{address=localhost:27017, type=STANDALONE, state=CONNECTED, ok=true, version=ServerVersion{versionList=[4, 2, 0]}, minWireVersion=0, maxWireVersion=8, maxDocumentSize=16777216, logicalSessionTimeoutMinutes=30, roundTripTimeNanos=7541753}
30-09-2019 14:34:29.213 [restartedMain] WARN  o.s.b.d.a.OptionalLiveReloadServer.startServer - Unable to start LiveReload server
30-09-2019 14:34:32.507 [restartedMain] WARN  c.n.c.sources.URLConfigurationSource.<init> - No URLs will be polled as dynamic configuration sources.
30-09-2019 14:34:32.508 [restartedMain] INFO  c.n.c.sources.URLConfigurationSource.<init> - To enable URLs as dynamic configuration sources, define System property archaius.configurationSource.additionalUrls or make config.properties available on classpath.
30-09-2019 14:34:32.528 [restartedMain] INFO  c.n.config.DynamicPropertyFactory.getInstance - DynamicPropertyFactory is initialized with configuration sources: com.netflix.config.ConcurrentCompositeConfiguration@1e96f725
30-09-2019 14:34:32.708 [restartedMain] INFO  o.s.b.a.e.web.EndpointLinksResolver.<init> - Exposing 20 endpoint(s) beneath base path '/actuator'
30-09-2019 14:34:32.885 [restartedMain] WARN  c.n.c.sources.URLConfigurationSource.<init> - No URLs will be polled as dynamic configuration sources.
30-09-2019 14:34:32.886 [restartedMain] INFO  c.n.c.sources.URLConfigurationSource.<init> - To enable URLs as dynamic configuration sources, define System property archaius.configurationSource.additionalUrls or make config.properties available on classpath.
30-09-2019 14:34:35.590 [restartedMain] INFO  o.s.c.n.eureka.InstanceInfoFactory.create - Setting initial instance status as: STARTING
30-09-2019 14:34:35.640 [restartedMain] INFO  c.netflix.discovery.DiscoveryClient.<init> - Initializing Eureka in region us-east-1
30-09-2019 14:34:35.777 [restartedMain] INFO  c.n.d.p.DiscoveryJerseyProvider.<init> - Using JSON encoding codec LegacyJacksonJson
30-09-2019 14:34:35.778 [restartedMain] INFO  c.n.d.p.DiscoveryJerseyProvider.<init> - Using JSON decoding codec LegacyJacksonJson
30-09-2019 14:34:35.962 [restartedMain] INFO  c.n.d.p.DiscoveryJerseyProvider.<init> - Using XML encoding codec XStreamXml
30-09-2019 14:34:35.962 [restartedMain] INFO  c.n.d.p.DiscoveryJerseyProvider.<init> - Using XML decoding codec XStreamXml
30-09-2019 14:34:36.304 [restartedMain] INFO  c.n.d.s.r.aws.ConfigClusterResolver.getClusterEndpoints - Resolving eureka endpoints via configuration
30-09-2019 14:34:36.651 [restartedMain] INFO  c.netflix.discovery.DiscoveryClient.fetchRegistry - Disable delta property : false
30-09-2019 14:34:36.652 [restartedMain] INFO  c.netflix.discovery.DiscoveryClient.fetchRegistry - Single vip registry refresh property : null
30-09-2019 14:34:36.652 [restartedMain] INFO  c.netflix.discovery.DiscoveryClient.fetchRegistry - Force full registry fetch : false
30-09-2019 14:34:36.653 [restartedMain] INFO  c.netflix.discovery.DiscoveryClient.fetchRegistry - Application is null : false
30-09-2019 14:34:36.654 [restartedMain] INFO  c.netflix.discovery.DiscoveryClient.fetchRegistry - Registered Applications size is zero : true
30-09-2019 14:34:36.654 [restartedMain] INFO  c.netflix.discovery.DiscoveryClient.fetchRegistry - Application version is -1: true
30-09-2019 14:34:36.655 [restartedMain] INFO  c.netflix.discovery.DiscoveryClient.getAndStoreFullRegistry - Getting all instance registry info from the eureka server
30-09-2019 14:34:37.117 [restartedMain] INFO  c.netflix.discovery.DiscoveryClient.getAndStoreFullRegistry - The response status is 200
30-09-2019 14:34:37.120 [restartedMain] INFO  c.netflix.discovery.DiscoveryClient.initScheduledTasks - Starting heartbeat executor: renew interval is: 30
30-09-2019 14:34:37.124 [restartedMain] INFO  c.n.discovery.InstanceInfoReplicator.<init> - InstanceInfoReplicator onDemand update allowed rate per min is 4
30-09-2019 14:34:37.149 [restartedMain] INFO  c.netflix.discovery.DiscoveryClient.<init> - Discovery Client initialized at timestamp 1569872077147 with initial instances count: 0
30-09-2019 14:34:37.156 [restartedMain] INFO  o.s.c.n.e.s.EurekaServiceRegistry.register - Registering application SPRING-STUDENT with eureka with status UP
30-09-2019 14:34:37.157 [restartedMain] INFO  c.netflix.discovery.DiscoveryClient.notify - Saw local status change event StatusChangeEvent [timestamp=1569872077157, current=UP, previous=STARTING]
30-09-2019 14:34:37.160 [restartedMain] INFO  s.d.s.w.p.DocumentationPluginsBootstrapper.start - Documentation plugins bootstrapped
30-09-2019 14:34:37.162 [DiscoveryClient-InstanceInfoReplicator-0] INFO  c.netflix.discovery.DiscoveryClient.register - DiscoveryClient_SPRING-STUDENT/LIM-BF4WDC2.usersad.everis.int:spring-student:8084: registering service...
30-09-2019 14:34:37.186 [restartedMain] INFO  s.d.s.w.p.DocumentationPluginsBootstrapper.bootstrapDocumentationPlugins - Found 1 custom documentation plugin(s)
30-09-2019 14:34:37.363 [restartedMain] INFO  s.d.s.w.s.ApiListingReferenceScanner.scan - Scanning for api listing references
30-09-2019 14:34:37.858 [DiscoveryClient-InstanceInfoReplicator-0] INFO  c.netflix.discovery.DiscoveryClient.register - DiscoveryClient_SPRING-STUDENT/LIM-BF4WDC2.usersad.everis.int:spring-student:8084 - registration status: 204
30-09-2019 14:34:38.263 [restartedMain] INFO  o.s.b.w.e.netty.NettyWebServer.start - Netty started on port(s): 8084
30-09-2019 14:34:38.275 [restartedMain] INFO  o.s.c.n.e.s.EurekaAutoServiceRegistration.onApplicationEvent - Updating port to 8084
30-09-2019 14:34:38.742 [restartedMain] INFO  c.e.s.app.SpringStudentApplication.logStarted - Started SpringStudentApplication in 32.276 seconds (JVM running for 33.964)
30-09-2019 14:34:58.369 [nioEventLoopGroup-2-2] INFO  org.mongodb.driver.connection.info - Opened connection [connectionId{localValue:3, serverValue:214}] to localhost:27017
30-09-2019 14:35:07.122 [DiscoveryClient-CacheRefreshExecutor-0] INFO  c.netflix.discovery.DiscoveryClient.fetchRegistry - Disable delta property : false
30-09-2019 14:35:07.123 [DiscoveryClient-CacheRefreshExecutor-0] INFO  c.netflix.discovery.DiscoveryClient.fetchRegistry - Single vip registry refresh property : null
30-09-2019 14:35:07.123 [DiscoveryClient-CacheRefreshExecutor-0] INFO  c.netflix.discovery.DiscoveryClient.fetchRegistry - Force full registry fetch : false
30-09-2019 14:35:07.123 [DiscoveryClient-CacheRefreshExecutor-0] INFO  c.netflix.discovery.DiscoveryClient.fetchRegistry - Application is null : false
30-09-2019 14:35:07.124 [DiscoveryClient-CacheRefreshExecutor-0] INFO  c.netflix.discovery.DiscoveryClient.fetchRegistry - Registered Applications size is zero : true
30-09-2019 14:35:07.124 [DiscoveryClient-CacheRefreshExecutor-0] INFO  c.netflix.discovery.DiscoveryClient.fetchRegistry - Application version is -1: false
30-09-2019 14:35:07.124 [DiscoveryClient-CacheRefreshExecutor-0] INFO  c.netflix.discovery.DiscoveryClient.getAndStoreFullRegistry - Getting all instance registry info from the eureka server
30-09-2019 14:35:07.158 [DiscoveryClient-CacheRefreshExecutor-0] INFO  c.netflix.discovery.DiscoveryClient.getAndStoreFullRegistry - The response status is 200
30-09-2019 14:36:22.740 [nioEventLoopGroup-2-2] INFO  c.e.s.a.c.StudentRestController.lambda$1 - Ronaldo
30-09-2019 14:36:22.744 [nioEventLoopGroup-2-2] INFO  c.e.s.a.c.StudentRestController.lambda$1 - Mario
30-09-2019 14:36:22.745 [nioEventLoopGroup-2-2] INFO  c.e.s.a.c.StudentRestController.lambda$1 - Rosario
30-09-2019 14:36:22.747 [nioEventLoopGroup-2-2] INFO  c.e.s.a.c.StudentRestController.lambda$1 - Millet
30-09-2019 14:37:51.806 [nioEventLoopGroup-2-2] INFO  c.e.s.a.c.StudentRestController.lambda$1 - Ronaldo
30-09-2019 14:37:51.808 [nioEventLoopGroup-2-2] INFO  c.e.s.a.c.StudentRestController.lambda$1 - Mario
30-09-2019 14:37:51.810 [nioEventLoopGroup-2-2] INFO  c.e.s.a.c.StudentRestController.lambda$1 - Rosario
30-09-2019 14:37:51.811 [nioEventLoopGroup-2-2] INFO  c.e.s.a.c.StudentRestController.lambda$1 - Millet
30-09-2019 14:37:51.811 [nioEventLoopGroup-2-2] INFO  c.e.s.a.c.StudentRestController.lambda$1 - Ana
30-09-2019 14:37:51.812 [nioEventLoopGroup-2-2] INFO  c.e.s.a.c.StudentRestController.lambda$1 - Fiorella
30-09-2019 14:37:51.813 [nioEventLoopGroup-2-2] INFO  c.e.s.a.c.StudentRestController.lambda$1 - Lizet
30-09-2019 14:37:51.814 [nioEventLoopGroup-2-2] INFO  c.e.s.a.c.StudentRestController.lambda$1 - Antonio
30-09-2019 14:37:51.815 [nioEventLoopGroup-2-2] INFO  c.e.s.a.c.StudentRestController.lambda$1 - Luiggi
30-09-2019 14:37:51.816 [nioEventLoopGroup-2-2] INFO  c.e.s.a.c.StudentRestController.lambda$1 - Jose
30-09-2019 14:38:03.971 [RMI TCP Connection(15)-127.0.0.1] INFO  o.s.b.a.SpringApplicationAdminMXBeanRegistrar$SpringApplicationAdmin.shutdown - Application shutdown requested.
30-09-2019 14:38:03.974 [RMI TCP Connection(15)-127.0.0.1] INFO  o.s.c.n.e.s.EurekaServiceRegistry.deregister - Unregistering application SPRING-STUDENT with eureka with status DOWN
30-09-2019 14:38:03.974 [RMI TCP Connection(15)-127.0.0.1] WARN  c.netflix.discovery.DiscoveryClient.notify - Saw local status change event StatusChangeEvent [timestamp=1569872283974, current=DOWN, previous=UP]
30-09-2019 14:38:03.975 [DiscoveryClient-InstanceInfoReplicator-0] INFO  c.netflix.discovery.DiscoveryClient.register - DiscoveryClient_SPRING-STUDENT/LIM-BF4WDC2.usersad.everis.int:spring-student:8084: registering service...
30-09-2019 14:38:03.998 [DiscoveryClient-InstanceInfoReplicator-0] INFO  c.netflix.discovery.DiscoveryClient.register - DiscoveryClient_SPRING-STUDENT/LIM-BF4WDC2.usersad.everis.int:spring-student:8084 - registration status: 204
30-09-2019 14:38:04.040 [RMI TCP Connection(15)-127.0.0.1] INFO  org.mongodb.driver.connection.info - Closed connection [connectionId{localValue:3, serverValue:214}] to localhost:27017 because the pool has been closed.
30-09-2019 14:38:06.275 [RMI TCP Connection(15)-127.0.0.1] INFO  c.netflix.discovery.DiscoveryClient.shutdown - Shutting down DiscoveryClient ...
30-09-2019 14:38:09.277 [RMI TCP Connection(15)-127.0.0.1] INFO  c.netflix.discovery.DiscoveryClient.unregister - Unregistering ...
30-09-2019 14:38:09.294 [DiscoveryClient-1] WARN  c.n.discovery.TimedSupervisorTask.run - task supervisor shutting down, can't accept the task
30-09-2019 14:38:09.304 [RMI TCP Connection(15)-127.0.0.1] INFO  c.netflix.discovery.DiscoveryClient.unregister - DiscoveryClient_SPRING-STUDENT/LIM-BF4WDC2.usersad.everis.int:spring-student:8084 - deregister  status: 200
30-09-2019 14:38:09.348 [RMI TCP Connection(15)-127.0.0.1] INFO  c.netflix.discovery.DiscoveryClient.shutdown - Completed shut down of DiscoveryClient
